<?xml version="1.0" encoding="UTF-8"?>
<!-- Generated by org.testng.reporters.JUnitXMLReporter -->
<testsuite hostname="SergeiPC" name="Command line test" tests="18" failures="0" timestamp="20 Dec 2016 13:40:11 GMT" time="5.423" errors="0">
  <testcase name="deleteMark" time="0.436" classname="com.courses.spring.dao.MarkDaoImplTest"/>
  <testcase name="deleteMarkById" time="0.011" classname="com.courses.spring.dao.MarkDaoImplTest"/>
  <testcase name="findAllMarks" time="0.006" classname="com.courses.spring.dao.MarkDaoImplTest"/>
  <testcase name="getMarkById" time="0.005" classname="com.courses.spring.dao.MarkDaoImplTest"/>
  <testcase name="insertMark" time="0.047" classname="com.courses.spring.dao.MarkDaoImplTest"/>
  <testcase name="updateMarkTest" time="0.009" classname="com.courses.spring.dao.MarkDaoImplTest"/>
  <testcase name="deleteStudent" time="0.043" classname="com.courses.spring.dao.StudentDaoImplTest"/>
  <testcase name="deleteStudentById" time="0.008" classname="com.courses.spring.dao.StudentDaoImplTest"/>
  <testcase name="findAllStudents" time="0.003" classname="com.courses.spring.dao.StudentDaoImplTest"/>
  <testcase name="getStudentById" time="0.006" classname="com.courses.spring.dao.StudentDaoImplTest"/>
  <testcase name="insertStudent" time="0.013" classname="com.courses.spring.dao.StudentDaoImplTest"/>
  <testcase name="updateStudentTest" time="0.001" classname="com.courses.spring.dao.StudentDaoImplTest"/>
  <testcase name="deleteSubject" time="0.009" classname="com.courses.spring.dao.SubjectDaoImplTest"/>
  <testcase name="deleteSubjectById" time="0.007" classname="com.courses.spring.dao.SubjectDaoImplTest"/>
  <testcase name="findAllSubject" time="0.003" classname="com.courses.spring.dao.SubjectDaoImplTest"/>
  <testcase name="getSubjectById" time="0.003" classname="com.courses.spring.dao.SubjectDaoImplTest"/>
  <testcase name="insertSubject" time="0.006" classname="com.courses.spring.dao.SubjectDaoImplTest"/>
  <testcase name="updateSubjectTest" time="0.002" classname="com.courses.spring.dao.SubjectDaoImplTest"/>
</testsuite> <!-- Command line test -->
