<?xml version="1.0" encoding="UTF-8"?>
<testng-results skipped="0" failed="0" total="18" passed="18">
  <reporter-output>
  </reporter-output>
  <suite name="Command line suite" duration-ms="5423" started-at="2016-12-20T13:40:05Z" finished-at="2016-12-20T13:40:11Z">
    <groups>
    </groups>
    <test name="Command line test" duration-ms="5423" started-at="2016-12-20T13:40:05Z" finished-at="2016-12-20T13:40:11Z">
      <class name="com.courses.spring.dao.SubjectDaoImplTest">
        <test-method status="PASS" signature="springTestContextBeforeTestClass()[pri:0, instance:com.courses.spring.dao.SubjectDaoImplTest@a1a8d5]" name="springTestContextBeforeTestClass" is-config="true" duration-ms="1" started-at="2016-12-20T15:40:10Z" finished-at="2016-12-20T15:40:10Z">
          <reporter-output>
          </reporter-output>
        </test-method> <!-- springTestContextBeforeTestClass -->
        <test-method status="PASS" signature="springTestContextPrepareTestInstance()[pri:0, instance:com.courses.spring.dao.SubjectDaoImplTest@a1a8d5]" name="springTestContextPrepareTestInstance" is-config="true" duration-ms="10" started-at="2016-12-20T15:40:10Z" depends-on-methods="org.springframework.test.context.testng.AbstractTestNGSpringContextTests.springTestContextBeforeTestClass" finished-at="2016-12-20T15:40:10Z">
          <reporter-output>
          </reporter-output>
        </test-method> <!-- springTestContextPrepareTestInstance -->
        <test-method status="PASS" signature="springTestContextBeforeTestMethod(java.lang.reflect.Method)[pri:0, instance:com.courses.spring.dao.SubjectDaoImplTest@a1a8d5]" name="springTestContextBeforeTestMethod" is-config="true" duration-ms="5" started-at="2016-12-20T15:40:10Z" finished-at="2016-12-20T15:40:10Z">
          <params>
            <param index="0">
              <value>
                <![CDATA[public void com.courses.spring.dao.SubjectDaoImplTest.deleteSubject()]]>
              </value>
            </param>
          </params>
          <reporter-output>
          </reporter-output>
        </test-method> <!-- springTestContextBeforeTestMethod -->
        <test-method status="PASS" signature="setUp()[pri:0, instance:com.courses.spring.dao.SubjectDaoImplTest@a1a8d5]" name="setUp" is-config="true" duration-ms="23" started-at="2016-12-20T15:40:10Z" finished-at="2016-12-20T15:40:10Z">
          <reporter-output>
          </reporter-output>
        </test-method> <!-- setUp -->
        <test-method status="PASS" signature="deleteSubject()[pri:0, instance:com.courses.spring.dao.SubjectDaoImplTest@a1a8d5]" name="deleteSubject" duration-ms="9" started-at="2016-12-20T15:40:10Z" finished-at="2016-12-20T15:40:10Z">
          <reporter-output>
          </reporter-output>
        </test-method> <!-- deleteSubject -->
        <test-method status="PASS" signature="springTestContextAfterTestMethod(java.lang.reflect.Method)[pri:0, instance:com.courses.spring.dao.SubjectDaoImplTest@a1a8d5]" name="springTestContextAfterTestMethod" is-config="true" duration-ms="2" started-at="2016-12-20T15:40:10Z" finished-at="2016-12-20T15:40:10Z">
          <params>
            <param index="0">
              <value>
                <![CDATA[public void com.courses.spring.dao.SubjectDaoImplTest.deleteSubject()]]>
              </value>
            </param>
          </params>
          <reporter-output>
          </reporter-output>
        </test-method> <!-- springTestContextAfterTestMethod -->
        <test-method status="PASS" signature="springTestContextBeforeTestMethod(java.lang.reflect.Method)[pri:0, instance:com.courses.spring.dao.SubjectDaoImplTest@a1a8d5]" name="springTestContextBeforeTestMethod" is-config="true" duration-ms="3" started-at="2016-12-20T15:40:10Z" finished-at="2016-12-20T15:40:10Z">
          <params>
            <param index="0">
              <value>
                <![CDATA[public void com.courses.spring.dao.SubjectDaoImplTest.deleteSubjectById()]]>
              </value>
            </param>
          </params>
          <reporter-output>
          </reporter-output>
        </test-method> <!-- springTestContextBeforeTestMethod -->
        <test-method status="PASS" signature="setUp()[pri:0, instance:com.courses.spring.dao.SubjectDaoImplTest@a1a8d5]" name="setUp" is-config="true" duration-ms="19" started-at="2016-12-20T15:40:10Z" finished-at="2016-12-20T15:40:10Z">
          <reporter-output>
          </reporter-output>
        </test-method> <!-- setUp -->
        <test-method status="PASS" signature="deleteSubjectById()[pri:0, instance:com.courses.spring.dao.SubjectDaoImplTest@a1a8d5]" name="deleteSubjectById" duration-ms="7" started-at="2016-12-20T15:40:10Z" finished-at="2016-12-20T15:40:10Z">
          <reporter-output>
          </reporter-output>
        </test-method> <!-- deleteSubjectById -->
        <test-method status="PASS" signature="springTestContextAfterTestMethod(java.lang.reflect.Method)[pri:0, instance:com.courses.spring.dao.SubjectDaoImplTest@a1a8d5]" name="springTestContextAfterTestMethod" is-config="true" duration-ms="1" started-at="2016-12-20T15:40:10Z" finished-at="2016-12-20T15:40:10Z">
          <params>
            <param index="0">
              <value>
                <![CDATA[public void com.courses.spring.dao.SubjectDaoImplTest.deleteSubjectById()]]>
              </value>
            </param>
          </params>
          <reporter-output>
          </reporter-output>
        </test-method> <!-- springTestContextAfterTestMethod -->
        <test-method status="PASS" signature="springTestContextBeforeTestMethod(java.lang.reflect.Method)[pri:0, instance:com.courses.spring.dao.SubjectDaoImplTest@a1a8d5]" name="springTestContextBeforeTestMethod" is-config="true" duration-ms="5" started-at="2016-12-20T15:40:10Z" finished-at="2016-12-20T15:40:10Z">
          <params>
            <param index="0">
              <value>
                <![CDATA[public void com.courses.spring.dao.SubjectDaoImplTest.findAllSubject()]]>
              </value>
            </param>
          </params>
          <reporter-output>
          </reporter-output>
        </test-method> <!-- springTestContextBeforeTestMethod -->
        <test-method status="PASS" signature="setUp()[pri:0, instance:com.courses.spring.dao.SubjectDaoImplTest@a1a8d5]" name="setUp" is-config="true" duration-ms="25" started-at="2016-12-20T15:40:10Z" finished-at="2016-12-20T15:40:10Z">
          <reporter-output>
          </reporter-output>
        </test-method> <!-- setUp -->
        <test-method status="PASS" signature="findAllSubject()[pri:0, instance:com.courses.spring.dao.SubjectDaoImplTest@a1a8d5]" name="findAllSubject" duration-ms="3" started-at="2016-12-20T15:40:10Z" finished-at="2016-12-20T15:40:10Z">
          <reporter-output>
          </reporter-output>
        </test-method> <!-- findAllSubject -->
        <test-method status="PASS" signature="springTestContextAfterTestMethod(java.lang.reflect.Method)[pri:0, instance:com.courses.spring.dao.SubjectDaoImplTest@a1a8d5]" name="springTestContextAfterTestMethod" is-config="true" duration-ms="1" started-at="2016-12-20T15:40:10Z" finished-at="2016-12-20T15:40:10Z">
          <params>
            <param index="0">
              <value>
                <![CDATA[public void com.courses.spring.dao.SubjectDaoImplTest.findAllSubject()]]>
              </value>
            </param>
          </params>
          <reporter-output>
          </reporter-output>
        </test-method> <!-- springTestContextAfterTestMethod -->
        <test-method status="PASS" signature="springTestContextBeforeTestMethod(java.lang.reflect.Method)[pri:0, instance:com.courses.spring.dao.SubjectDaoImplTest@a1a8d5]" name="springTestContextBeforeTestMethod" is-config="true" duration-ms="7" started-at="2016-12-20T15:40:10Z" finished-at="2016-12-20T15:40:10Z">
          <params>
            <param index="0">
              <value>
                <![CDATA[public void com.courses.spring.dao.SubjectDaoImplTest.getSubjectById()]]>
              </value>
            </param>
          </params>
          <reporter-output>
          </reporter-output>
        </test-method> <!-- springTestContextBeforeTestMethod -->
        <test-method status="PASS" signature="setUp()[pri:0, instance:com.courses.spring.dao.SubjectDaoImplTest@a1a8d5]" name="setUp" is-config="true" duration-ms="19" started-at="2016-12-20T15:40:10Z" finished-at="2016-12-20T15:40:10Z">
          <reporter-output>
          </reporter-output>
        </test-method> <!-- setUp -->
        <test-method status="PASS" signature="getSubjectById()[pri:0, instance:com.courses.spring.dao.SubjectDaoImplTest@a1a8d5]" name="getSubjectById" duration-ms="3" started-at="2016-12-20T15:40:10Z" finished-at="2016-12-20T15:40:10Z">
          <reporter-output>
          </reporter-output>
        </test-method> <!-- getSubjectById -->
        <test-method status="PASS" signature="springTestContextAfterTestMethod(java.lang.reflect.Method)[pri:0, instance:com.courses.spring.dao.SubjectDaoImplTest@a1a8d5]" name="springTestContextAfterTestMethod" is-config="true" duration-ms="2" started-at="2016-12-20T15:40:10Z" finished-at="2016-12-20T15:40:10Z">
          <params>
            <param index="0">
              <value>
                <![CDATA[public void com.courses.spring.dao.SubjectDaoImplTest.getSubjectById()]]>
              </value>
            </param>
          </params>
          <reporter-output>
          </reporter-output>
        </test-method> <!-- springTestContextAfterTestMethod -->
        <test-method status="PASS" signature="springTestContextBeforeTestMethod(java.lang.reflect.Method)[pri:0, instance:com.courses.spring.dao.SubjectDaoImplTest@a1a8d5]" name="springTestContextBeforeTestMethod" is-config="true" duration-ms="4" started-at="2016-12-20T15:40:10Z" finished-at="2016-12-20T15:40:10Z">
          <params>
            <param index="0">
              <value>
                <![CDATA[public void com.courses.spring.dao.SubjectDaoImplTest.insertSubject()]]>
              </value>
            </param>
          </params>
          <reporter-output>
          </reporter-output>
        </test-method> <!-- springTestContextBeforeTestMethod -->
        <test-method status="PASS" signature="setUp()[pri:0, instance:com.courses.spring.dao.SubjectDaoImplTest@a1a8d5]" name="setUp" is-config="true" duration-ms="13" started-at="2016-12-20T15:40:10Z" finished-at="2016-12-20T15:40:10Z">
          <reporter-output>
          </reporter-output>
        </test-method> <!-- setUp -->
        <test-method status="PASS" signature="insertSubject()[pri:0, instance:com.courses.spring.dao.SubjectDaoImplTest@a1a8d5]" name="insertSubject" duration-ms="6" started-at="2016-12-20T15:40:10Z" finished-at="2016-12-20T15:40:10Z">
          <reporter-output>
          </reporter-output>
        </test-method> <!-- insertSubject -->
        <test-method status="PASS" signature="springTestContextAfterTestMethod(java.lang.reflect.Method)[pri:0, instance:com.courses.spring.dao.SubjectDaoImplTest@a1a8d5]" name="springTestContextAfterTestMethod" is-config="true" duration-ms="1" started-at="2016-12-20T15:40:10Z" finished-at="2016-12-20T15:40:10Z">
          <params>
            <param index="0">
              <value>
                <![CDATA[public void com.courses.spring.dao.SubjectDaoImplTest.insertSubject()]]>
              </value>
            </param>
          </params>
          <reporter-output>
          </reporter-output>
        </test-method> <!-- springTestContextAfterTestMethod -->
        <test-method status="PASS" signature="springTestContextBeforeTestMethod(java.lang.reflect.Method)[pri:0, instance:com.courses.spring.dao.SubjectDaoImplTest@a1a8d5]" name="springTestContextBeforeTestMethod" is-config="true" duration-ms="4" started-at="2016-12-20T15:40:10Z" finished-at="2016-12-20T15:40:10Z">
          <params>
            <param index="0">
              <value>
                <![CDATA[public void com.courses.spring.dao.SubjectDaoImplTest.updateSubjectTest()]]>
              </value>
            </param>
          </params>
          <reporter-output>
          </reporter-output>
        </test-method> <!-- springTestContextBeforeTestMethod -->
        <test-method status="PASS" signature="setUp()[pri:0, instance:com.courses.spring.dao.SubjectDaoImplTest@a1a8d5]" name="setUp" is-config="true" duration-ms="16" started-at="2016-12-20T15:40:10Z" finished-at="2016-12-20T15:40:11Z">
          <reporter-output>
          </reporter-output>
        </test-method> <!-- setUp -->
        <test-method status="PASS" signature="updateSubjectTest()[pri:0, instance:com.courses.spring.dao.SubjectDaoImplTest@a1a8d5]" name="updateSubjectTest" duration-ms="2" started-at="2016-12-20T15:40:11Z" finished-at="2016-12-20T15:40:11Z">
          <reporter-output>
          </reporter-output>
        </test-method> <!-- updateSubjectTest -->
        <test-method status="PASS" signature="springTestContextAfterTestMethod(java.lang.reflect.Method)[pri:0, instance:com.courses.spring.dao.SubjectDaoImplTest@a1a8d5]" name="springTestContextAfterTestMethod" is-config="true" duration-ms="2" started-at="2016-12-20T15:40:11Z" finished-at="2016-12-20T15:40:11Z">
          <params>
            <param index="0">
              <value>
                <![CDATA[public void com.courses.spring.dao.SubjectDaoImplTest.updateSubjectTest()]]>
              </value>
            </param>
          </params>
          <reporter-output>
          </reporter-output>
        </test-method> <!-- springTestContextAfterTestMethod -->
        <test-method status="PASS" signature="springTestContextAfterTestClass()[pri:0, instance:com.courses.spring.dao.SubjectDaoImplTest@a1a8d5]" name="springTestContextAfterTestClass" is-config="true" duration-ms="0" started-at="2016-12-20T15:40:11Z" finished-at="2016-12-20T15:40:11Z">
          <reporter-output>
          </reporter-output>
        </test-method> <!-- springTestContextAfterTestClass -->
      </class> <!-- com.courses.spring.dao.SubjectDaoImplTest -->
      <class name="com.courses.spring.dao.MarkDaoImplTest">
        <test-method status="PASS" signature="springTestContextBeforeTestClass()[pri:0, instance:com.courses.spring.dao.MarkDaoImplTest@320068]" name="springTestContextBeforeTestClass" is-config="true" duration-ms="21" started-at="2016-12-20T15:40:05Z" finished-at="2016-12-20T15:40:05Z">
          <reporter-output>
          </reporter-output>
        </test-method> <!-- springTestContextBeforeTestClass -->
        <test-method status="PASS" signature="springTestContextPrepareTestInstance()[pri:0, instance:com.courses.spring.dao.MarkDaoImplTest@320068]" name="springTestContextPrepareTestInstance" is-config="true" duration-ms="3686" started-at="2016-12-20T15:40:05Z" depends-on-methods="org.springframework.test.context.testng.AbstractTestNGSpringContextTests.springTestContextBeforeTestClass" finished-at="2016-12-20T15:40:09Z">
          <reporter-output>
          </reporter-output>
        </test-method> <!-- springTestContextPrepareTestInstance -->
        <test-method status="PASS" signature="springTestContextBeforeTestMethod(java.lang.reflect.Method)[pri:0, instance:com.courses.spring.dao.MarkDaoImplTest@320068]" name="springTestContextBeforeTestMethod" is-config="true" duration-ms="112" started-at="2016-12-20T15:40:09Z" finished-at="2016-12-20T15:40:09Z">
          <params>
            <param index="0">
              <value>
                <![CDATA[public void com.courses.spring.dao.MarkDaoImplTest.deleteMark()]]>
              </value>
            </param>
          </params>
          <reporter-output>
          </reporter-output>
        </test-method> <!-- springTestContextBeforeTestMethod -->
        <test-method status="PASS" signature="setUp()[pri:0, instance:com.courses.spring.dao.MarkDaoImplTest@320068]" name="setUp" is-config="true" duration-ms="440" started-at="2016-12-20T15:40:09Z" finished-at="2016-12-20T15:40:09Z">
          <reporter-output>
          </reporter-output>
        </test-method> <!-- setUp -->
        <test-method status="PASS" signature="deleteMark()[pri:0, instance:com.courses.spring.dao.MarkDaoImplTest@320068]" name="deleteMark" duration-ms="436" started-at="2016-12-20T15:40:09Z" finished-at="2016-12-20T15:40:10Z">
          <reporter-output>
          </reporter-output>
        </test-method> <!-- deleteMark -->
        <test-method status="PASS" signature="springTestContextAfterTestMethod(java.lang.reflect.Method)[pri:0, instance:com.courses.spring.dao.MarkDaoImplTest@320068]" name="springTestContextAfterTestMethod" is-config="true" duration-ms="20" started-at="2016-12-20T15:40:10Z" finished-at="2016-12-20T15:40:10Z">
          <params>
            <param index="0">
              <value>
                <![CDATA[public void com.courses.spring.dao.MarkDaoImplTest.deleteMark()]]>
              </value>
            </param>
          </params>
          <reporter-output>
          </reporter-output>
        </test-method> <!-- springTestContextAfterTestMethod -->
        <test-method status="PASS" signature="springTestContextBeforeTestMethod(java.lang.reflect.Method)[pri:0, instance:com.courses.spring.dao.MarkDaoImplTest@320068]" name="springTestContextBeforeTestMethod" is-config="true" duration-ms="4" started-at="2016-12-20T15:40:10Z" finished-at="2016-12-20T15:40:10Z">
          <params>
            <param index="0">
              <value>
                <![CDATA[public void com.courses.spring.dao.MarkDaoImplTest.deleteMarkById()]]>
              </value>
            </param>
          </params>
          <reporter-output>
          </reporter-output>
        </test-method> <!-- springTestContextBeforeTestMethod -->
        <test-method status="PASS" signature="setUp()[pri:0, instance:com.courses.spring.dao.MarkDaoImplTest@320068]" name="setUp" is-config="true" duration-ms="27" started-at="2016-12-20T15:40:10Z" finished-at="2016-12-20T15:40:10Z">
          <reporter-output>
          </reporter-output>
        </test-method> <!-- setUp -->
        <test-method status="PASS" signature="deleteMarkById()[pri:0, instance:com.courses.spring.dao.MarkDaoImplTest@320068]" name="deleteMarkById" duration-ms="11" started-at="2016-12-20T15:40:10Z" finished-at="2016-12-20T15:40:10Z">
          <reporter-output>
          </reporter-output>
        </test-method> <!-- deleteMarkById -->
        <test-method status="PASS" signature="springTestContextAfterTestMethod(java.lang.reflect.Method)[pri:0, instance:com.courses.spring.dao.MarkDaoImplTest@320068]" name="springTestContextAfterTestMethod" is-config="true" duration-ms="2" started-at="2016-12-20T15:40:10Z" finished-at="2016-12-20T15:40:10Z">
          <params>
            <param index="0">
              <value>
                <![CDATA[public void com.courses.spring.dao.MarkDaoImplTest.deleteMarkById()]]>
              </value>
            </param>
          </params>
          <reporter-output>
          </reporter-output>
        </test-method> <!-- springTestContextAfterTestMethod -->
        <test-method status="PASS" signature="springTestContextBeforeTestMethod(java.lang.reflect.Method)[pri:0, instance:com.courses.spring.dao.MarkDaoImplTest@320068]" name="springTestContextBeforeTestMethod" is-config="true" duration-ms="3" started-at="2016-12-20T15:40:10Z" finished-at="2016-12-20T15:40:10Z">
          <params>
            <param index="0">
              <value>
                <![CDATA[public void com.courses.spring.dao.MarkDaoImplTest.findAllMarks()]]>
              </value>
            </param>
          </params>
          <reporter-output>
          </reporter-output>
        </test-method> <!-- springTestContextBeforeTestMethod -->
        <test-method status="PASS" signature="setUp()[pri:0, instance:com.courses.spring.dao.MarkDaoImplTest@320068]" name="setUp" is-config="true" duration-ms="26" started-at="2016-12-20T15:40:10Z" finished-at="2016-12-20T15:40:10Z">
          <reporter-output>
          </reporter-output>
        </test-method> <!-- setUp -->
        <test-method status="PASS" signature="findAllMarks()[pri:0, instance:com.courses.spring.dao.MarkDaoImplTest@320068]" name="findAllMarks" duration-ms="6" started-at="2016-12-20T15:40:10Z" finished-at="2016-12-20T15:40:10Z">
          <reporter-output>
          </reporter-output>
        </test-method> <!-- findAllMarks -->
        <test-method status="PASS" signature="springTestContextAfterTestMethod(java.lang.reflect.Method)[pri:0, instance:com.courses.spring.dao.MarkDaoImplTest@320068]" name="springTestContextAfterTestMethod" is-config="true" duration-ms="2" started-at="2016-12-20T15:40:10Z" finished-at="2016-12-20T15:40:10Z">
          <params>
            <param index="0">
              <value>
                <![CDATA[public void com.courses.spring.dao.MarkDaoImplTest.findAllMarks()]]>
              </value>
            </param>
          </params>
          <reporter-output>
          </reporter-output>
        </test-method> <!-- springTestContextAfterTestMethod -->
        <test-method status="PASS" signature="springTestContextBeforeTestMethod(java.lang.reflect.Method)[pri:0, instance:com.courses.spring.dao.MarkDaoImplTest@320068]" name="springTestContextBeforeTestMethod" is-config="true" duration-ms="4" started-at="2016-12-20T15:40:10Z" finished-at="2016-12-20T15:40:10Z">
          <params>
            <param index="0">
              <value>
                <![CDATA[public void com.courses.spring.dao.MarkDaoImplTest.getMarkById()]]>
              </value>
            </param>
          </params>
          <reporter-output>
          </reporter-output>
        </test-method> <!-- springTestContextBeforeTestMethod -->
        <test-method status="PASS" signature="setUp()[pri:0, instance:com.courses.spring.dao.MarkDaoImplTest@320068]" name="setUp" is-config="true" duration-ms="21" started-at="2016-12-20T15:40:10Z" finished-at="2016-12-20T15:40:10Z">
          <reporter-output>
          </reporter-output>
        </test-method> <!-- setUp -->
        <test-method status="PASS" signature="getMarkById()[pri:0, instance:com.courses.spring.dao.MarkDaoImplTest@320068]" name="getMarkById" duration-ms="5" started-at="2016-12-20T15:40:10Z" finished-at="2016-12-20T15:40:10Z">
          <reporter-output>
          </reporter-output>
        </test-method> <!-- getMarkById -->
        <test-method status="PASS" signature="springTestContextAfterTestMethod(java.lang.reflect.Method)[pri:0, instance:com.courses.spring.dao.MarkDaoImplTest@320068]" name="springTestContextAfterTestMethod" is-config="true" duration-ms="2" started-at="2016-12-20T15:40:10Z" finished-at="2016-12-20T15:40:10Z">
          <params>
            <param index="0">
              <value>
                <![CDATA[public void com.courses.spring.dao.MarkDaoImplTest.getMarkById()]]>
              </value>
            </param>
          </params>
          <reporter-output>
          </reporter-output>
        </test-method> <!-- springTestContextAfterTestMethod -->
        <test-method status="PASS" signature="springTestContextBeforeTestMethod(java.lang.reflect.Method)[pri:0, instance:com.courses.spring.dao.MarkDaoImplTest@320068]" name="springTestContextBeforeTestMethod" is-config="true" duration-ms="3" started-at="2016-12-20T15:40:10Z" finished-at="2016-12-20T15:40:10Z">
          <params>
            <param index="0">
              <value>
                <![CDATA[public void com.courses.spring.dao.MarkDaoImplTest.insertMark()]]>
              </value>
            </param>
          </params>
          <reporter-output>
          </reporter-output>
        </test-method> <!-- springTestContextBeforeTestMethod -->
        <test-method status="PASS" signature="setUp()[pri:0, instance:com.courses.spring.dao.MarkDaoImplTest@320068]" name="setUp" is-config="true" duration-ms="21" started-at="2016-12-20T15:40:10Z" finished-at="2016-12-20T15:40:10Z">
          <reporter-output>
          </reporter-output>
        </test-method> <!-- setUp -->
        <test-method status="PASS" signature="insertMark()[pri:0, instance:com.courses.spring.dao.MarkDaoImplTest@320068]" name="insertMark" duration-ms="47" started-at="2016-12-20T15:40:10Z" finished-at="2016-12-20T15:40:10Z">
          <reporter-output>
          </reporter-output>
        </test-method> <!-- insertMark -->
        <test-method status="PASS" signature="springTestContextAfterTestMethod(java.lang.reflect.Method)[pri:0, instance:com.courses.spring.dao.MarkDaoImplTest@320068]" name="springTestContextAfterTestMethod" is-config="true" duration-ms="3" started-at="2016-12-20T15:40:10Z" finished-at="2016-12-20T15:40:10Z">
          <params>
            <param index="0">
              <value>
                <![CDATA[public void com.courses.spring.dao.MarkDaoImplTest.insertMark()]]>
              </value>
            </param>
          </params>
          <reporter-output>
          </reporter-output>
        </test-method> <!-- springTestContextAfterTestMethod -->
        <test-method status="PASS" signature="springTestContextBeforeTestMethod(java.lang.reflect.Method)[pri:0, instance:com.courses.spring.dao.MarkDaoImplTest@320068]" name="springTestContextBeforeTestMethod" is-config="true" duration-ms="7" started-at="2016-12-20T15:40:10Z" finished-at="2016-12-20T15:40:10Z">
          <params>
            <param index="0">
              <value>
                <![CDATA[public void com.courses.spring.dao.MarkDaoImplTest.updateMarkTest()]]>
              </value>
            </param>
          </params>
          <reporter-output>
          </reporter-output>
        </test-method> <!-- springTestContextBeforeTestMethod -->
        <test-method status="PASS" signature="setUp()[pri:0, instance:com.courses.spring.dao.MarkDaoImplTest@320068]" name="setUp" is-config="true" duration-ms="19" started-at="2016-12-20T15:40:10Z" finished-at="2016-12-20T15:40:10Z">
          <reporter-output>
          </reporter-output>
        </test-method> <!-- setUp -->
        <test-method status="PASS" signature="updateMarkTest()[pri:0, instance:com.courses.spring.dao.MarkDaoImplTest@320068]" name="updateMarkTest" duration-ms="9" started-at="2016-12-20T15:40:10Z" finished-at="2016-12-20T15:40:10Z">
          <reporter-output>
          </reporter-output>
        </test-method> <!-- updateMarkTest -->
        <test-method status="PASS" signature="springTestContextAfterTestMethod(java.lang.reflect.Method)[pri:0, instance:com.courses.spring.dao.MarkDaoImplTest@320068]" name="springTestContextAfterTestMethod" is-config="true" duration-ms="1" started-at="2016-12-20T15:40:10Z" finished-at="2016-12-20T15:40:10Z">
          <params>
            <param index="0">
              <value>
                <![CDATA[public void com.courses.spring.dao.MarkDaoImplTest.updateMarkTest()]]>
              </value>
            </param>
          </params>
          <reporter-output>
          </reporter-output>
        </test-method> <!-- springTestContextAfterTestMethod -->
        <test-method status="PASS" signature="springTestContextAfterTestClass()[pri:0, instance:com.courses.spring.dao.MarkDaoImplTest@320068]" name="springTestContextAfterTestClass" is-config="true" duration-ms="1" started-at="2016-12-20T15:40:10Z" finished-at="2016-12-20T15:40:10Z">
          <reporter-output>
          </reporter-output>
        </test-method> <!-- springTestContextAfterTestClass -->
      </class> <!-- com.courses.spring.dao.MarkDaoImplTest -->
      <class name="com.courses.spring.dao.StudentDaoImplTest">
        <test-method status="PASS" signature="springTestContextBeforeTestClass()[pri:0, instance:com.courses.spring.dao.StudentDaoImplTest@a3107a]" name="springTestContextBeforeTestClass" is-config="true" duration-ms="0" started-at="2016-12-20T15:40:10Z" finished-at="2016-12-20T15:40:10Z">
          <reporter-output>
          </reporter-output>
        </test-method> <!-- springTestContextBeforeTestClass -->
        <test-method status="PASS" signature="springTestContextPrepareTestInstance()[pri:0, instance:com.courses.spring.dao.StudentDaoImplTest@a3107a]" name="springTestContextPrepareTestInstance" is-config="true" duration-ms="14" started-at="2016-12-20T15:40:10Z" depends-on-methods="org.springframework.test.context.testng.AbstractTestNGSpringContextTests.springTestContextBeforeTestClass" finished-at="2016-12-20T15:40:10Z">
          <reporter-output>
          </reporter-output>
        </test-method> <!-- springTestContextPrepareTestInstance -->
        <test-method status="PASS" signature="springTestContextBeforeTestMethod(java.lang.reflect.Method)[pri:0, instance:com.courses.spring.dao.StudentDaoImplTest@a3107a]" name="springTestContextBeforeTestMethod" is-config="true" duration-ms="4" started-at="2016-12-20T15:40:10Z" finished-at="2016-12-20T15:40:10Z">
          <params>
            <param index="0">
              <value>
                <![CDATA[public void com.courses.spring.dao.StudentDaoImplTest.deleteStudent()]]>
              </value>
            </param>
          </params>
          <reporter-output>
          </reporter-output>
        </test-method> <!-- springTestContextBeforeTestMethod -->
        <test-method status="PASS" signature="setUp()[pri:0, instance:com.courses.spring.dao.StudentDaoImplTest@a3107a]" name="setUp" is-config="true" duration-ms="16" started-at="2016-12-20T15:40:10Z" finished-at="2016-12-20T15:40:10Z">
          <reporter-output>
          </reporter-output>
        </test-method> <!-- setUp -->
        <test-method status="PASS" signature="deleteStudent()[pri:0, instance:com.courses.spring.dao.StudentDaoImplTest@a3107a]" name="deleteStudent" duration-ms="43" started-at="2016-12-20T15:40:10Z" finished-at="2016-12-20T15:40:10Z">
          <reporter-output>
          </reporter-output>
        </test-method> <!-- deleteStudent -->
        <test-method status="PASS" signature="springTestContextAfterTestMethod(java.lang.reflect.Method)[pri:0, instance:com.courses.spring.dao.StudentDaoImplTest@a3107a]" name="springTestContextAfterTestMethod" is-config="true" duration-ms="2" started-at="2016-12-20T15:40:10Z" finished-at="2016-12-20T15:40:10Z">
          <params>
            <param index="0">
              <value>
                <![CDATA[public void com.courses.spring.dao.StudentDaoImplTest.deleteStudent()]]>
              </value>
            </param>
          </params>
          <reporter-output>
          </reporter-output>
        </test-method> <!-- springTestContextAfterTestMethod -->
        <test-method status="PASS" signature="springTestContextBeforeTestMethod(java.lang.reflect.Method)[pri:0, instance:com.courses.spring.dao.StudentDaoImplTest@a3107a]" name="springTestContextBeforeTestMethod" is-config="true" duration-ms="3" started-at="2016-12-20T15:40:10Z" finished-at="2016-12-20T15:40:10Z">
          <params>
            <param index="0">
              <value>
                <![CDATA[public void com.courses.spring.dao.StudentDaoImplTest.deleteStudentById()]]>
              </value>
            </param>
          </params>
          <reporter-output>
          </reporter-output>
        </test-method> <!-- springTestContextBeforeTestMethod -->
        <test-method status="PASS" signature="setUp()[pri:0, instance:com.courses.spring.dao.StudentDaoImplTest@a3107a]" name="setUp" is-config="true" duration-ms="18" started-at="2016-12-20T15:40:10Z" finished-at="2016-12-20T15:40:10Z">
          <reporter-output>
          </reporter-output>
        </test-method> <!-- setUp -->
        <test-method status="PASS" signature="deleteStudentById()[pri:0, instance:com.courses.spring.dao.StudentDaoImplTest@a3107a]" name="deleteStudentById" duration-ms="8" started-at="2016-12-20T15:40:10Z" finished-at="2016-12-20T15:40:10Z">
          <reporter-output>
          </reporter-output>
        </test-method> <!-- deleteStudentById -->
        <test-method status="PASS" signature="springTestContextAfterTestMethod(java.lang.reflect.Method)[pri:0, instance:com.courses.spring.dao.StudentDaoImplTest@a3107a]" name="springTestContextAfterTestMethod" is-config="true" duration-ms="1" started-at="2016-12-20T15:40:10Z" finished-at="2016-12-20T15:40:10Z">
          <params>
            <param index="0">
              <value>
                <![CDATA[public void com.courses.spring.dao.StudentDaoImplTest.deleteStudentById()]]>
              </value>
            </param>
          </params>
          <reporter-output>
          </reporter-output>
        </test-method> <!-- springTestContextAfterTestMethod -->
        <test-method status="PASS" signature="springTestContextBeforeTestMethod(java.lang.reflect.Method)[pri:0, instance:com.courses.spring.dao.StudentDaoImplTest@a3107a]" name="springTestContextBeforeTestMethod" is-config="true" duration-ms="3" started-at="2016-12-20T15:40:10Z" finished-at="2016-12-20T15:40:10Z">
          <params>
            <param index="0">
              <value>
                <![CDATA[public void com.courses.spring.dao.StudentDaoImplTest.findAllStudents()]]>
              </value>
            </param>
          </params>
          <reporter-output>
          </reporter-output>
        </test-method> <!-- springTestContextBeforeTestMethod -->
        <test-method status="PASS" signature="setUp()[pri:0, instance:com.courses.spring.dao.StudentDaoImplTest@a3107a]" name="setUp" is-config="true" duration-ms="18" started-at="2016-12-20T15:40:10Z" finished-at="2016-12-20T15:40:10Z">
          <reporter-output>
          </reporter-output>
        </test-method> <!-- setUp -->
        <test-method status="PASS" signature="findAllStudents()[pri:0, instance:com.courses.spring.dao.StudentDaoImplTest@a3107a]" name="findAllStudents" duration-ms="3" started-at="2016-12-20T15:40:10Z" finished-at="2016-12-20T15:40:10Z">
          <reporter-output>
          </reporter-output>
        </test-method> <!-- findAllStudents -->
        <test-method status="PASS" signature="springTestContextAfterTestMethod(java.lang.reflect.Method)[pri:0, instance:com.courses.spring.dao.StudentDaoImplTest@a3107a]" name="springTestContextAfterTestMethod" is-config="true" duration-ms="2" started-at="2016-12-20T15:40:10Z" finished-at="2016-12-20T15:40:10Z">
          <params>
            <param index="0">
              <value>
                <![CDATA[public void com.courses.spring.dao.StudentDaoImplTest.findAllStudents()]]>
              </value>
            </param>
          </params>
          <reporter-output>
          </reporter-output>
        </test-method> <!-- springTestContextAfterTestMethod -->
        <test-method status="PASS" signature="springTestContextBeforeTestMethod(java.lang.reflect.Method)[pri:0, instance:com.courses.spring.dao.StudentDaoImplTest@a3107a]" name="springTestContextBeforeTestMethod" is-config="true" duration-ms="8" started-at="2016-12-20T15:40:10Z" finished-at="2016-12-20T15:40:10Z">
          <params>
            <param index="0">
              <value>
                <![CDATA[public void com.courses.spring.dao.StudentDaoImplTest.getStudentById()]]>
              </value>
            </param>
          </params>
          <reporter-output>
          </reporter-output>
        </test-method> <!-- springTestContextBeforeTestMethod -->
        <test-method status="PASS" signature="setUp()[pri:0, instance:com.courses.spring.dao.StudentDaoImplTest@a3107a]" name="setUp" is-config="true" duration-ms="39" started-at="2016-12-20T15:40:10Z" finished-at="2016-12-20T15:40:10Z">
          <reporter-output>
          </reporter-output>
        </test-method> <!-- setUp -->
        <test-method status="PASS" signature="getStudentById()[pri:0, instance:com.courses.spring.dao.StudentDaoImplTest@a3107a]" name="getStudentById" duration-ms="6" started-at="2016-12-20T15:40:10Z" finished-at="2016-12-20T15:40:10Z">
          <reporter-output>
          </reporter-output>
        </test-method> <!-- getStudentById -->
        <test-method status="PASS" signature="springTestContextAfterTestMethod(java.lang.reflect.Method)[pri:0, instance:com.courses.spring.dao.StudentDaoImplTest@a3107a]" name="springTestContextAfterTestMethod" is-config="true" duration-ms="3" started-at="2016-12-20T15:40:10Z" finished-at="2016-12-20T15:40:10Z">
          <params>
            <param index="0">
              <value>
                <![CDATA[public void com.courses.spring.dao.StudentDaoImplTest.getStudentById()]]>
              </value>
            </param>
          </params>
          <reporter-output>
          </reporter-output>
        </test-method> <!-- springTestContextAfterTestMethod -->
        <test-method status="PASS" signature="springTestContextBeforeTestMethod(java.lang.reflect.Method)[pri:0, instance:com.courses.spring.dao.StudentDaoImplTest@a3107a]" name="springTestContextBeforeTestMethod" is-config="true" duration-ms="5" started-at="2016-12-20T15:40:10Z" finished-at="2016-12-20T15:40:10Z">
          <params>
            <param index="0">
              <value>
                <![CDATA[public void com.courses.spring.dao.StudentDaoImplTest.insertStudent()]]>
              </value>
            </param>
          </params>
          <reporter-output>
          </reporter-output>
        </test-method> <!-- springTestContextBeforeTestMethod -->
        <test-method status="PASS" signature="setUp()[pri:0, instance:com.courses.spring.dao.StudentDaoImplTest@a3107a]" name="setUp" is-config="true" duration-ms="17" started-at="2016-12-20T15:40:10Z" finished-at="2016-12-20T15:40:10Z">
          <reporter-output>
          </reporter-output>
        </test-method> <!-- setUp -->
        <test-method status="PASS" signature="insertStudent()[pri:0, instance:com.courses.spring.dao.StudentDaoImplTest@a3107a]" name="insertStudent" duration-ms="13" started-at="2016-12-20T15:40:10Z" finished-at="2016-12-20T15:40:10Z">
          <reporter-output>
          </reporter-output>
        </test-method> <!-- insertStudent -->
        <test-method status="PASS" signature="springTestContextAfterTestMethod(java.lang.reflect.Method)[pri:0, instance:com.courses.spring.dao.StudentDaoImplTest@a3107a]" name="springTestContextAfterTestMethod" is-config="true" duration-ms="1" started-at="2016-12-20T15:40:10Z" finished-at="2016-12-20T15:40:10Z">
          <params>
            <param index="0">
              <value>
                <![CDATA[public void com.courses.spring.dao.StudentDaoImplTest.insertStudent()]]>
              </value>
            </param>
          </params>
          <reporter-output>
          </reporter-output>
        </test-method> <!-- springTestContextAfterTestMethod -->
        <test-method status="PASS" signature="springTestContextBeforeTestMethod(java.lang.reflect.Method)[pri:0, instance:com.courses.spring.dao.StudentDaoImplTest@a3107a]" name="springTestContextBeforeTestMethod" is-config="true" duration-ms="3" started-at="2016-12-20T15:40:10Z" finished-at="2016-12-20T15:40:10Z">
          <params>
            <param index="0">
              <value>
                <![CDATA[public void com.courses.spring.dao.StudentDaoImplTest.updateStudentTest()]]>
              </value>
            </param>
          </params>
          <reporter-output>
          </reporter-output>
        </test-method> <!-- springTestContextBeforeTestMethod -->
        <test-method status="PASS" signature="setUp()[pri:0, instance:com.courses.spring.dao.StudentDaoImplTest@a3107a]" name="setUp" is-config="true" duration-ms="14" started-at="2016-12-20T15:40:10Z" finished-at="2016-12-20T15:40:10Z">
          <reporter-output>
          </reporter-output>
        </test-method> <!-- setUp -->
        <test-method status="PASS" signature="updateStudentTest()[pri:0, instance:com.courses.spring.dao.StudentDaoImplTest@a3107a]" name="updateStudentTest" duration-ms="1" started-at="2016-12-20T15:40:10Z" finished-at="2016-12-20T15:40:10Z">
          <reporter-output>
          </reporter-output>
        </test-method> <!-- updateStudentTest -->
        <test-method status="PASS" signature="springTestContextAfterTestMethod(java.lang.reflect.Method)[pri:0, instance:com.courses.spring.dao.StudentDaoImplTest@a3107a]" name="springTestContextAfterTestMethod" is-config="true" duration-ms="2" started-at="2016-12-20T15:40:10Z" finished-at="2016-12-20T15:40:10Z">
          <params>
            <param index="0">
              <value>
                <![CDATA[public void com.courses.spring.dao.StudentDaoImplTest.updateStudentTest()]]>
              </value>
            </param>
          </params>
          <reporter-output>
          </reporter-output>
        </test-method> <!-- springTestContextAfterTestMethod -->
        <test-method status="PASS" signature="springTestContextAfterTestClass()[pri:0, instance:com.courses.spring.dao.StudentDaoImplTest@a3107a]" name="springTestContextAfterTestClass" is-config="true" duration-ms="1" started-at="2016-12-20T15:40:10Z" finished-at="2016-12-20T15:40:10Z">
          <reporter-output>
          </reporter-output>
        </test-method> <!-- springTestContextAfterTestClass -->
      </class> <!-- com.courses.spring.dao.StudentDaoImplTest -->
    </test> <!-- Command line test -->
  </suite> <!-- Command line suite -->
</testng-results>
