<?xml version="1.0" encoding="UTF-8" ?>
<testsuite tests="18" failures="0" name="TestSuite" time="9.18" errors="0" skipped="0">
  <properties>
[...]
</properties>
  <testcase classname="com.courses.spring.dao.MarkDaoImplTest" name="deleteMark" time="0.434"/>
  <testcase classname="com.courses.spring.dao.MarkDaoImplTest" name="deleteMarkById" time="0.033"/>
  <testcase classname="com.courses.spring.dao.MarkDaoImplTest" name="findAllMarks" time="0.001"/>
  <testcase classname="com.courses.spring.dao.MarkDaoImplTest" name="getMarkById" time="0"/>
  <testcase classname="com.courses.spring.dao.MarkDaoImplTest" name="insertMark" time="0.047"/>
  <testcase classname="com.courses.spring.dao.MarkDaoImplTest" name="updateMarkTest" time="0.009"/>
  <testcase classname="com.courses.spring.dao.StudentDaoImplTest" name="deleteStudent" time="0.085"/>
  <testcase classname="com.courses.spring.dao.StudentDaoImplTest" name="deleteStudentById" time="0"/>
  <testcase classname="com.courses.spring.dao.StudentDaoImplTest" name="findAllStudents" time="0"/>
  <testcase classname="com.courses.spring.dao.StudentDaoImplTest" name="getStudentById" time="0.019"/>
  <testcase classname="com.courses.spring.dao.StudentDaoImplTest" name="insertStudent" time="0.013"/>
  <testcase classname="com.courses.spring.dao.StudentDaoImplTest" name="updateStudentTest" time="0"/>
  <testcase classname="com.courses.spring.dao.SubjectDaoImplTest" name="deleteSubject" time="0.01"/>
  <testcase classname="com.courses.spring.dao.SubjectDaoImplTest" name="deleteSubjectById" time="0.015"/>
  <testcase classname="com.courses.spring.dao.SubjectDaoImplTest" name="findAllSubject" time="0"/>
  <testcase classname="com.courses.spring.dao.SubjectDaoImplTest" name="getSubjectById" time="0.002"/>
  <testcase classname="com.courses.spring.dao.SubjectDaoImplTest" name="insertSubject" time="0.006"/>
  <testcase classname="com.courses.spring.dao.SubjectDaoImplTest" name="updateSubjectTest" time="0.002"/>
</testsuite>